nohup: ignoring input
[GIN-debug] [WARNING] Creating an Engine instance with the Logger and Recovery middleware already attached.

[GIN-debug] [WARNING] Running in "debug" mode. Switch to "release" mode in production.
 - using env:	export GIN_MODE=release
 - using code:	gin.SetMode(gin.ReleaseMode)

[GIN-debug] GET    /                         --> main.main.func1 (3 handlers)
[GIN-debug] GET    /users                    --> main.getUsers (3 handlers)
[GIN-debug] GET    /users/:id                --> main.getUser (3 handlers)
[GIN-debug] POST   /users                    --> main.createUser (3 handlers)
[GIN-debug] PUT    /users/:id                --> main.updateUser (3 handlers)
[GIN-debug] DELETE /users/:id                --> main.deleteUser (3 handlers)
[GIN-debug] POST   /transfers                --> main.createTransfer (3 handlers)
[GIN-debug] GET    /transfers                --> main.listTransfers (3 handlers)
[GIN-debug] GET    /transfers/:id            --> main.getTransfer (3 handlers)
[GIN-debug] [WARNING] You trusted all proxies, this is NOT safe. We recommend you to set a value.
Please check https://pkg.go.dev/github.com/gin-gonic/gin#readme-don-t-trust-all-proxies for details.
[GIN-debug] Listening and serving HTTP on :3000
[GIN] 2025/11/10 - 13:54:50 | 200 |     220.416µs |             ::1 | GET      "/users"
[GIN] 2025/11/10 - 13:54:50 | 201 |    3.251042ms |             ::1 | POST     "/users"
[GIN] 2025/11/10 - 13:54:50 | 200 |     597.875µs |             ::1 | GET      "/users"
[GIN] 2025/11/10 - 13:54:50 | 200 |      364.75µs |             ::1 | GET      "/users/1"
[GIN] 2025/11/10 - 13:54:50 | 200 |    3.694917ms |             ::1 | PUT      "/users/1"
[GIN] 2025/11/10 - 13:54:51 | 204 |    4.377166ms |             ::1 | DELETE   "/users/1"
[GIN] 2025/11/10 - 13:54:51 | 200 |     613.542µs |             ::1 | GET      "/users"
[GIN] 2025/11/10 - 13:54:51 | 201 |    2.500458ms |             ::1 | POST     "/users"
[GIN] 2025/11/10 - 13:54:52 | 201 |    5.064333ms |             ::1 | POST     "/users"

2025/11/10 13:54:52 [31;1m/Users/kritsana.m/Labs/Generative_AI_for_Programming_20251110/kbtg-ai-workshop-nov/workshop-4/backend/main.go:237 [35;1mrecord not found
[0m[33m[0.449ms] [34;1m[rows:0][0m SELECT * FROM `users` WHERE `users`.`id` = 1 ORDER BY `users`.`id` LIMIT 1
[GIN] 2025/11/10 - 13:54:52 | 500 |      1.4335ms |             ::1 | POST     "/transfers"
[GIN] 2025/11/10 - 13:54:52 | 200 |     3.49525ms |             ::1 | GET      "/transfers?userId=1"
[GIN] 2025/11/10 - 13:54:52 | 200 |     547.125µs |             ::1 | GET      "/transfers?userId=1"

2025/11/10 13:54:53 [31;1m/Users/kritsana.m/Labs/Generative_AI_for_Programming_20251110/kbtg-ai-workshop-nov/workshop-4/backend/main.go:361 [35;1mrecord not found
[0m[33m[0.661ms] [34;1m[rows:0][0m SELECT * FROM `transfers` WHERE idempotency_key = "null" ORDER BY `transfers`.`id` LIMIT 1
[GIN] 2025/11/10 - 13:54:53 | 404 |    1.060542ms |             ::1 | GET      "/transfers/null"
[GIN] 2025/11/10 - 13:55:12 | 201 |    1.215084ms |             ::1 | POST     "/users"
[GIN] 2025/11/10 - 13:55:12 | 201 |    3.263708ms |             ::1 | POST     "/users"
[GIN] 2025/11/10 - 13:55:12 | 200 |     263.916µs |             ::1 | GET      "/users"
[GIN] 2025/11/10 - 13:57:12 | 200 |     300.167µs |             ::1 | GET      "/users"
[GIN] 2025/11/10 - 13:57:12 | 201 |    1.814208ms |             ::1 | POST     "/users"
[GIN] 2025/11/10 - 13:57:12 | 200 |     328.083µs |             ::1 | GET      "/users"
[GIN] 2025/11/10 - 13:57:12 | 200 |     261.416µs |             ::1 | GET      "/users/6"
[GIN] 2025/11/10 - 13:57:12 | 200 |    2.282541ms |             ::1 | PUT      "/users/6"
[GIN] 2025/11/10 - 13:57:13 | 204 |    2.188709ms |             ::1 | DELETE   "/users/6"
[GIN] 2025/11/10 - 13:57:13 | 200 |         875µs |             ::1 | GET      "/users"
[GIN] 2025/11/10 - 13:57:13 | 200 |     730.083µs |             ::1 | GET      "/users"
[GIN] 2025/11/10 - 13:57:13 | 201 |    3.079666ms |             ::1 | POST     "/users"
[GIN] 2025/11/10 - 13:57:14 | 200 |     984.917µs |             ::1 | GET      "/users"
[GIN] 2025/11/10 - 13:57:14 | 201 |    5.218375ms |             ::1 | POST     "/users"
[GIN] 2025/11/10 - 13:57:39 | 200 |     215.542µs |             ::1 | GET      "/users"
[GIN] 2025/11/10 - 13:57:39 | 201 |    2.891167ms |             ::1 | POST     "/users"
[GIN] 2025/11/10 - 13:57:40 | 200 |     618.166µs |             ::1 | GET      "/users"
[GIN] 2025/11/10 - 13:57:40 | 200 |     289.209µs |             ::1 | GET      "/users/9"
[GIN] 2025/11/10 - 13:57:40 | 200 |    3.320875ms |             ::1 | PUT      "/users/9"
[GIN] 2025/11/10 - 13:57:40 | 204 |    4.297084ms |             ::1 | DELETE   "/users/9"
[GIN] 2025/11/10 - 13:57:41 | 200 |       1.012ms |             ::1 | GET      "/users"
[GIN] 2025/11/10 - 13:57:41 | 200 |     718.625µs |             ::1 | GET      "/users"
[GIN] 2025/11/10 - 13:57:41 | 200 |     783.958µs |             ::1 | GET      "/users"
[GIN] 2025/11/10 - 13:57:42 | 201 |    5.433875ms |             ::1 | POST     "/transfers"
[GIN] 2025/11/10 - 13:57:42 | 200 |     662.666µs |             ::1 | GET      "/users/7"
[GIN] 2025/11/10 - 13:57:42 | 200 |     702.917µs |             ::1 | GET      "/users/8"
[GIN] 2025/11/10 - 13:57:42 | 200 |    1.568083ms |             ::1 | GET      "/transfers?userId=7"
[GIN] 2025/11/10 - 13:57:43 | 200 |     166.709µs |             ::1 | GET      "/transfers/42b421da-fdf8-4c36-a7ca-eabbd05731a8"
signal: killed
